<?xml version="1.0" encoding="UTF-8"?>
<!-- Generated by org.testng.reporters.JUnitXMLReporter -->
<testsuite ignored="0" hostname="SubZero" failures="0" tests="12" name="Testng maven test" time="0.074" errors="0" timestamp="2021-08-02T13:02:01 IST">
  <testcase classname="com.qa.test.DemoTest" name="div" time="0.01"/>
  <testcase classname="com.qa.test.DemoTest" name="multi" time="0.0"/>
  <testcase classname="com.qa.test.DemoTest" name="sub" time="0.001"/>
  <testcase classname="com.qa.test.DemoTest" name="sum" time="0.0"/>
  <testcase classname="com.qa.test.DemoTest1" name="div" time="0.002"/>
  <testcase classname="com.qa.test.DemoTest1" name="multi" time="0.0"/>
  <testcase classname="com.qa.test.DemoTest1" name="sub" time="0.001"/>
  <testcase classname="com.qa.test.DemoTest1" name="sum" time="0.001"/>
  <testcase classname="com.qa.test.DemoTest2" name="div" time="0.0"/>
  <testcase classname="com.qa.test.DemoTest2" name="multi" time="0.001"/>
  <testcase classname="com.qa.test.DemoTest2" name="sub" time="0.001"/>
  <testcase classname="com.qa.test.DemoTest2" name="sum" time="0.0"/>
</testsuite> <!-- Testng maven test -->
