<?xml version="1.0" encoding="UTF-8"?>
<!-- Generated by org.testng.reporters.JUnitXMLReporter -->
<testsuite ignored="0" hostname="SubZero" failures="0" tests="4" name="Default test" time="0.154" errors="0" timestamp="2021-08-01T21:33:21 IST">
  <testcase classname="com.qa.test.DemoTest" name="div" time="0.031"/>
  <testcase classname="com.qa.test.DemoTest" name="multi" time="0.002"/>
  <testcase classname="com.qa.test.DemoTest" name="sub" time="0.002"/>
  <testcase classname="com.qa.test.DemoTest" name="sum" time="0.002"/>
</testsuite> <!-- Default test -->
