<?xml version="1.0" encoding="UTF-8"?>
<testng-results ignored="0" total="12" passed="12" failed="0" skipped="0">
  <reporter-output>
  </reporter-output>
  <suite started-at="2021-08-02T13:02:01 IST" name="Test Maven Suite" finished-at="2021-08-02T13:02:01 IST" duration-ms="74">
    <groups>
    </groups>
    <test started-at="2021-08-02T13:02:01 IST" name="Testng maven test" finished-at="2021-08-02T13:02:01 IST" duration-ms="74">
      <class name="com.qa.test.DemoTest">
        <test-method signature="div()[pri:0, instance:com.qa.test.DemoTest@5ad851c9]" started-at="2021-08-02T13:02:01 IST" name="div" finished-at="2021-08-02T13:02:01 IST" duration-ms="10" status="PASS">
          <reporter-output>
          </reporter-output>
        </test-method> <!-- div -->
        <test-method signature="multi()[pri:0, instance:com.qa.test.DemoTest@5ad851c9]" started-at="2021-08-02T13:02:01 IST" name="multi" finished-at="2021-08-02T13:02:01 IST" duration-ms="0" status="PASS">
          <reporter-output>
          </reporter-output>
        </test-method> <!-- multi -->
        <test-method signature="sub()[pri:0, instance:com.qa.test.DemoTest@5ad851c9]" started-at="2021-08-02T13:02:01 IST" name="sub" finished-at="2021-08-02T13:02:01 IST" duration-ms="1" status="PASS">
          <reporter-output>
          </reporter-output>
        </test-method> <!-- sub -->
        <test-method signature="sum()[pri:0, instance:com.qa.test.DemoTest@5ad851c9]" started-at="2021-08-02T13:02:01 IST" name="sum" finished-at="2021-08-02T13:02:01 IST" duration-ms="0" status="PASS">
          <reporter-output>
          </reporter-output>
        </test-method> <!-- sum -->
      </class> <!-- com.qa.test.DemoTest -->
      <class name="com.qa.test.DemoTest1">
        <test-method signature="div()[pri:0, instance:com.qa.test.DemoTest1@11dc3715]" started-at="2021-08-02T13:02:01 IST" name="div" finished-at="2021-08-02T13:02:01 IST" duration-ms="2" status="PASS">
          <reporter-output>
          </reporter-output>
        </test-method> <!-- div -->
        <test-method signature="multi()[pri:0, instance:com.qa.test.DemoTest1@11dc3715]" started-at="2021-08-02T13:02:01 IST" name="multi" finished-at="2021-08-02T13:02:01 IST" duration-ms="0" status="PASS">
          <reporter-output>
          </reporter-output>
        </test-method> <!-- multi -->
        <test-method signature="sub()[pri:0, instance:com.qa.test.DemoTest1@11dc3715]" started-at="2021-08-02T13:02:01 IST" name="sub" finished-at="2021-08-02T13:02:01 IST" duration-ms="1" status="PASS">
          <reporter-output>
          </reporter-output>
        </test-method> <!-- sub -->
        <test-method signature="sum()[pri:0, instance:com.qa.test.DemoTest1@11dc3715]" started-at="2021-08-02T13:02:01 IST" name="sum" finished-at="2021-08-02T13:02:01 IST" duration-ms="1" status="PASS">
          <reporter-output>
          </reporter-output>
        </test-method> <!-- sum -->
      </class> <!-- com.qa.test.DemoTest1 -->
      <class name="com.qa.test.DemoTest2">
        <test-method signature="div()[pri:0, instance:com.qa.test.DemoTest2@69930714]" started-at="2021-08-02T13:02:01 IST" name="div" finished-at="2021-08-02T13:02:01 IST" duration-ms="0" status="PASS">
          <reporter-output>
          </reporter-output>
        </test-method> <!-- div -->
        <test-method signature="multi()[pri:0, instance:com.qa.test.DemoTest2@69930714]" started-at="2021-08-02T13:02:01 IST" name="multi" finished-at="2021-08-02T13:02:01 IST" duration-ms="1" status="PASS">
          <reporter-output>
          </reporter-output>
        </test-method> <!-- multi -->
        <test-method signature="sub()[pri:0, instance:com.qa.test.DemoTest2@69930714]" started-at="2021-08-02T13:02:01 IST" name="sub" finished-at="2021-08-02T13:02:01 IST" duration-ms="1" status="PASS">
          <reporter-output>
          </reporter-output>
        </test-method> <!-- sub -->
        <test-method signature="sum()[pri:0, instance:com.qa.test.DemoTest2@69930714]" started-at="2021-08-02T13:02:01 IST" name="sum" finished-at="2021-08-02T13:02:01 IST" duration-ms="0" status="PASS">
          <reporter-output>
          </reporter-output>
        </test-method> <!-- sum -->
      </class> <!-- com.qa.test.DemoTest2 -->
    </test> <!-- Testng maven test -->
  </suite> <!-- Test Maven Suite -->
</testng-results>
